[INFO] [2017-09-15 10:42:36][org.springframework.context.support.ClassPathXmlApplicationContext]Refreshing org.springframework.context.support.ClassPathXmlApplicationContext@33a10788: startup date [Fri Sep 15 10:42:36 CST 2017]; root of context hierarchy
[INFO] [2017-09-15 10:42:36][org.springframework.beans.factory.xml.XmlBeanDefinitionReader]Loading XML bean definitions from class path resource [spring-mybatis.xml]
[INFO] [2017-09-15 10:42:37][org.springframework.beans.factory.annotation.AutowiredAnnotationBeanPostProcessor]JSR-330 'javax.inject.Inject' annotation found and supported for autowiring
[INFO] [2017-09-15 10:43:09][org.springframework.context.support.ClassPathXmlApplicationContext]Refreshing org.springframework.context.support.ClassPathXmlApplicationContext@33a10788: startup date [Fri Sep 15 10:43:09 CST 2017]; root of context hierarchy
[INFO] [2017-09-15 10:43:09][org.springframework.beans.factory.xml.XmlBeanDefinitionReader]Loading XML bean definitions from class path resource [spring-mybatis.xml]
[INFO] [2017-09-15 10:43:09][org.springframework.beans.factory.annotation.AutowiredAnnotationBeanPostProcessor]JSR-330 'javax.inject.Inject' annotation found and supported for autowiring
[INFO] [2017-09-15 10:48:25][org.springframework.context.support.ClassPathXmlApplicationContext]Refreshing org.springframework.context.support.ClassPathXmlApplicationContext@33a10788: startup date [Fri Sep 15 10:48:25 CST 2017]; root of context hierarchy
[INFO] [2017-09-15 10:48:25][org.springframework.beans.factory.xml.XmlBeanDefinitionReader]Loading XML bean definitions from class path resource [spring-mybatis.xml]
[INFO] [2017-09-15 10:48:25][org.springframework.beans.factory.annotation.AutowiredAnnotationBeanPostProcessor]JSR-330 'javax.inject.Inject' annotation found and supported for autowiring
[INFO] [2017-09-15 11:01:48][org.springframework.context.support.ClassPathXmlApplicationContext]Refreshing org.springframework.context.support.ClassPathXmlApplicationContext@33a10788: startup date [Fri Sep 15 11:01:48 CST 2017]; root of context hierarchy
[INFO] [2017-09-15 11:01:48][org.springframework.beans.factory.xml.XmlBeanDefinitionReader]Loading XML bean definitions from class path resource [spring-mybatis.xml]
[INFO] [2017-09-15 11:01:49][org.springframework.beans.factory.annotation.AutowiredAnnotationBeanPostProcessor]JSR-330 'javax.inject.Inject' annotation found and supported for autowiring
[WARN] [2017-09-15 11:01:49][org.springframework.context.support.ClassPathXmlApplicationContext]Exception encountered during context initialization - cancelling refresh attempt: org.springframework.beans.factory.UnsatisfiedDependencyException: Error creating bean with name 'userServiceImpl': Unsatisfied dependency expressed through field 'dao'; nested exception is org.springframework.beans.factory.BeanCreationException: Error creating bean with name 'userDao' defined in file [E:\files\ts\target\classes\com\gray\user\dao\UserDao.class]: Cannot resolve reference to bean 'sqlSessionFactory' while setting bean property 'sqlSessionFactory'; nested exception is org.springframework.beans.factory.BeanCreationException: Error creating bean with name 'sqlSessionFactory' defined in class path resource [spring-mybatis.xml]: Invocation of init method failed; nested exception is org.springframework.core.NestedIOException: Failed to parse mapping resource: 'file [E:\files\ts\target\classes\com\gray\user\entity\mybatis-user.xml]'; nested exception is org.apache.ibatis.builder.BuilderException: Error parsing Mapper XML. Cause: org.apache.ibatis.builder.BuilderException: Error resolving class. Cause: org.apache.ibatis.type.TypeException: Could not resolve type alias 'User'.  Cause: java.lang.ClassNotFoundException: Cannot find class: User
[INFO] [2017-09-15 11:02:57][org.springframework.context.support.ClassPathXmlApplicationContext]Refreshing org.springframework.context.support.ClassPathXmlApplicationContext@33a10788: startup date [Fri Sep 15 11:02:57 CST 2017]; root of context hierarchy
[INFO] [2017-09-15 11:02:57][org.springframework.beans.factory.xml.XmlBeanDefinitionReader]Loading XML bean definitions from class path resource [spring-mybatis.xml]
[INFO] [2017-09-15 11:02:58][org.springframework.beans.factory.annotation.AutowiredAnnotationBeanPostProcessor]JSR-330 'javax.inject.Inject' annotation found and supported for autowiring
[WARN] [2017-09-15 11:02:59][org.springframework.context.support.ClassPathXmlApplicationContext]Exception encountered during context initialization - cancelling refresh attempt: org.springframework.beans.factory.UnsatisfiedDependencyException: Error creating bean with name 'userServiceImpl': Unsatisfied dependency expressed through field 'userdao'; nested exception is org.springframework.beans.factory.BeanCreationException: Error creating bean with name 'userDao' defined in file [E:\files\ts\target\classes\com\gray\user\dao\UserDao.class]: Cannot resolve reference to bean 'sqlSessionFactory' while setting bean property 'sqlSessionFactory'; nested exception is org.springframework.beans.factory.BeanCreationException: Error creating bean with name 'sqlSessionFactory' defined in class path resource [spring-mybatis.xml]: Invocation of init method failed; nested exception is org.springframework.core.NestedIOException: Failed to parse mapping resource: 'file [E:\files\ts\target\classes\com\gray\user\entity\mybatis-user.xml]'; nested exception is org.apache.ibatis.builder.BuilderException: Error parsing Mapper XML. Cause: org.apache.ibatis.builder.BuilderException: Error resolving class. Cause: org.apache.ibatis.type.TypeException: Could not resolve type alias 'User'.  Cause: java.lang.ClassNotFoundException: Cannot find class: User
[INFO] [2017-09-15 11:04:33][org.springframework.context.support.ClassPathXmlApplicationContext]Refreshing org.springframework.context.support.ClassPathXmlApplicationContext@33a10788: startup date [Fri Sep 15 11:04:33 CST 2017]; root of context hierarchy
[INFO] [2017-09-15 11:04:33][org.springframework.beans.factory.xml.XmlBeanDefinitionReader]Loading XML bean definitions from class path resource [spring-mybatis.xml]
[INFO] [2017-09-15 11:04:34][org.springframework.beans.factory.annotation.AutowiredAnnotationBeanPostProcessor]JSR-330 'javax.inject.Inject' annotation found and supported for autowiring
[WARN] [2017-09-15 11:04:34][org.springframework.context.support.ClassPathXmlApplicationContext]Exception encountered during context initialization - cancelling refresh attempt: org.springframework.beans.factory.UnsatisfiedDependencyException: Error creating bean with name 'userServiceImpl': Unsatisfied dependency expressed through field 'userdao'; nested exception is org.springframework.beans.factory.BeanCreationException: Error creating bean with name 'userDao' defined in file [E:\files\ts\target\classes\com\gray\user\dao\UserDao.class]: Cannot resolve reference to bean 'sqlSessionFactory' while setting bean property 'sqlSessionFactory'; nested exception is org.springframework.beans.factory.BeanCreationException: Error creating bean with name 'sqlSessionFactory' defined in class path resource [spring-mybatis.xml]: Invocation of init method failed; nested exception is org.springframework.core.NestedIOException: Failed to parse mapping resource: 'file [E:\files\ts\target\classes\com\gray\user\entity\mybatis-user.xml]'; nested exception is org.apache.ibatis.builder.BuilderException: Error parsing Mapper XML. Cause: org.apache.ibatis.builder.BuilderException: Error resolving class. Cause: org.apache.ibatis.type.TypeException: Could not resolve type alias 'user'.  Cause: java.lang.ClassNotFoundException: Cannot find class: user
[INFO] [2017-09-15 11:05:56][org.springframework.context.support.ClassPathXmlApplicationContext]Refreshing org.springframework.context.support.ClassPathXmlApplicationContext@33a10788: startup date [Fri Sep 15 11:05:56 CST 2017]; root of context hierarchy
[INFO] [2017-09-15 11:05:57][org.springframework.beans.factory.xml.XmlBeanDefinitionReader]Loading XML bean definitions from class path resource [spring-mybatis.xml]
[WARN] [2017-09-15 11:05:57][org.springframework.context.support.ClassPathXmlApplicationContext]Exception encountered during context initialization - cancelling refresh attempt: org.springframework.beans.factory.BeanCreationException: Error creating bean with name 'org.mybatis.spring.mapper.MapperScannerConfigurer#0' defined in class path resource [spring-mybatis.xml]: Error setting property values; nested exception is org.springframework.beans.NotWritablePropertyException: Invalid property 'configLocation' of bean class [org.mybatis.spring.mapper.MapperScannerConfigurer]: Bean property 'configLocation' is not writable or has an invalid setter method. Does the parameter type of the setter match the return type of the getter?
[INFO] [2017-09-15 11:07:09][org.springframework.context.support.ClassPathXmlApplicationContext]Refreshing org.springframework.context.support.ClassPathXmlApplicationContext@33a10788: startup date [Fri Sep 15 11:07:09 CST 2017]; root of context hierarchy
[INFO] [2017-09-15 11:07:09][org.springframework.beans.factory.xml.XmlBeanDefinitionReader]Loading XML bean definitions from class path resource [spring-mybatis.xml]
[INFO] [2017-09-15 11:07:09][org.springframework.beans.factory.annotation.AutowiredAnnotationBeanPostProcessor]JSR-330 'javax.inject.Inject' annotation found and supported for autowiring
[INFO] [2017-09-15 11:10:26][org.springframework.context.support.ClassPathXmlApplicationContext]Refreshing org.springframework.context.support.ClassPathXmlApplicationContext@33a10788: startup date [Fri Sep 15 11:10:26 CST 2017]; root of context hierarchy
[INFO] [2017-09-15 11:10:26][org.springframework.beans.factory.xml.XmlBeanDefinitionReader]Loading XML bean definitions from class path resource [spring-mybatis.xml]
[INFO] [2017-09-15 11:10:27][org.springframework.beans.factory.annotation.AutowiredAnnotationBeanPostProcessor]JSR-330 'javax.inject.Inject' annotation found and supported for autowiring
[INFO] [2017-09-15 11:11:40][org.springframework.context.support.ClassPathXmlApplicationContext]Refreshing org.springframework.context.support.ClassPathXmlApplicationContext@33a10788: startup date [Fri Sep 15 11:11:40 CST 2017]; root of context hierarchy
[INFO] [2017-09-15 11:11:40][org.springframework.beans.factory.xml.XmlBeanDefinitionReader]Loading XML bean definitions from class path resource [spring-mybatis.xml]
[INFO] [2017-09-15 11:11:41][org.springframework.beans.factory.annotation.AutowiredAnnotationBeanPostProcessor]JSR-330 'javax.inject.Inject' annotation found and supported for autowiring
[INFO] [2017-09-15 11:14:12][org.springframework.context.support.ClassPathXmlApplicationContext]Refreshing org.springframework.context.support.ClassPathXmlApplicationContext@33a10788: startup date [Fri Sep 15 11:14:12 CST 2017]; root of context hierarchy
[INFO] [2017-09-15 11:14:12][org.springframework.beans.factory.xml.XmlBeanDefinitionReader]Loading XML bean definitions from class path resource [spring-mybatis.xml]
[INFO] [2017-09-15 11:14:13][org.springframework.beans.factory.annotation.AutowiredAnnotationBeanPostProcessor]JSR-330 'javax.inject.Inject' annotation found and supported for autowiring
[INFO] [2017-09-15 11:15:47][org.springframework.context.support.ClassPathXmlApplicationContext]Refreshing org.springframework.context.support.ClassPathXmlApplicationContext@61a52fbd: startup date [Fri Sep 15 11:15:47 CST 2017]; root of context hierarchy
[INFO] [2017-09-15 11:15:47][org.springframework.beans.factory.xml.XmlBeanDefinitionReader]Loading XML bean definitions from class path resource [spring-mybatis.xml]
[INFO] [2017-09-15 11:15:48][org.springframework.beans.factory.annotation.AutowiredAnnotationBeanPostProcessor]JSR-330 'javax.inject.Inject' annotation found and supported for autowiring
[INFO] [2017-09-15 11:16:50][org.springframework.context.support.ClassPathXmlApplicationContext]Refreshing org.springframework.context.support.ClassPathXmlApplicationContext@33a10788: startup date [Fri Sep 15 11:16:50 CST 2017]; root of context hierarchy
[INFO] [2017-09-15 11:16:50][org.springframework.beans.factory.xml.XmlBeanDefinitionReader]Loading XML bean definitions from class path resource [spring-mybatis.xml]
[INFO] [2017-09-15 11:16:51][org.springframework.beans.factory.annotation.AutowiredAnnotationBeanPostProcessor]JSR-330 'javax.inject.Inject' annotation found and supported for autowiring
[INFO] [2017-09-15 11:22:37][org.springframework.context.support.ClassPathXmlApplicationContext]Refreshing org.springframework.context.support.ClassPathXmlApplicationContext@33a10788: startup date [Fri Sep 15 11:22:37 CST 2017]; root of context hierarchy
[INFO] [2017-09-15 11:22:37][org.springframework.beans.factory.xml.XmlBeanDefinitionReader]Loading XML bean definitions from class path resource [spring-mybatis.xml]
[INFO] [2017-09-15 11:22:38][org.springframework.beans.factory.annotation.AutowiredAnnotationBeanPostProcessor]JSR-330 'javax.inject.Inject' annotation found and supported for autowiring
[INFO] [2017-09-15 11:26:34][org.springframework.context.support.ClassPathXmlApplicationContext]Refreshing org.springframework.context.support.ClassPathXmlApplicationContext@7cdbc5d3: startup date [Fri Sep 15 11:26:34 CST 2017]; root of context hierarchy
[INFO] [2017-09-15 11:26:34][org.springframework.beans.factory.xml.XmlBeanDefinitionReader]Loading XML bean definitions from class path resource [spring-mybatis.xml]
[INFO] [2017-09-15 11:26:35][org.springframework.beans.factory.annotation.AutowiredAnnotationBeanPostProcessor]JSR-330 'javax.inject.Inject' annotation found and supported for autowiring
[INFO] [2017-09-15 11:29:11][org.springframework.context.support.ClassPathXmlApplicationContext]Refreshing org.springframework.context.support.ClassPathXmlApplicationContext@34033bd0: startup date [Fri Sep 15 11:29:11 CST 2017]; root of context hierarchy
[INFO] [2017-09-15 11:29:11][org.springframework.beans.factory.xml.XmlBeanDefinitionReader]Loading XML bean definitions from class path resource [spring-mybatis.xml]
[INFO] [2017-09-15 11:29:12][org.springframework.beans.factory.annotation.AutowiredAnnotationBeanPostProcessor]JSR-330 'javax.inject.Inject' annotation found and supported for autowiring
[INFO] [2017-09-15 11:29:13][com.mchange.v2.log.MLog]MLog clients using log4j logging.
[INFO] [2017-09-15 11:29:13][com.mchange.v2.c3p0.C3P0Registry]Initializing c3p0-0.9.1.2 [built 21-May-2007 15:04:56; debug? true; trace: 10]
[WARN] [2017-09-15 11:29:13][org.springframework.context.support.ClassPathXmlApplicationContext]Exception encountered during context initialization - cancelling refresh attempt: org.springframework.beans.factory.UnsatisfiedDependencyException: Error creating bean with name 'userServiceImpl': Unsatisfied dependency expressed through field 'userdao'; nested exception is org.springframework.beans.factory.BeanCreationException: Error creating bean with name 'userDao' defined in file [E:\files\ts\target\classes\com\gray\user\dao\UserDao.class]: Cannot resolve reference to bean 'sqlSessionFactory' while setting bean property 'sqlSessionFactory'; nested exception is org.springframework.beans.factory.BeanCreationException: Error creating bean with name 'sqlSessionFactory' defined in class path resource [spring-mybatis.xml]: Cannot resolve reference to bean 'dataSource' while setting bean property 'dataSource'; nested exception is org.springframework.beans.factory.BeanCreationException: Error creating bean with name 'dataSource' defined in class path resource [spring-mybatis.xml]: Error setting property values; nested exception is org.springframework.beans.NotWritablePropertyException: Invalid property 'driverClassName' of bean class [com.mchange.v2.c3p0.ComboPooledDataSource]: Bean property 'driverClassName' is not writable or has an invalid setter method. Does the parameter type of the setter match the return type of the getter?
[INFO] [2017-09-15 11:30:40][org.springframework.context.support.ClassPathXmlApplicationContext]Refreshing org.springframework.context.support.ClassPathXmlApplicationContext@34033bd0: startup date [Fri Sep 15 11:30:40 CST 2017]; root of context hierarchy
[INFO] [2017-09-15 11:30:40][org.springframework.beans.factory.xml.XmlBeanDefinitionReader]Loading XML bean definitions from class path resource [spring-mybatis.xml]
[INFO] [2017-09-15 11:30:41][org.springframework.beans.factory.annotation.AutowiredAnnotationBeanPostProcessor]JSR-330 'javax.inject.Inject' annotation found and supported for autowiring
[INFO] [2017-09-15 11:30:41][com.mchange.v2.log.MLog]MLog clients using log4j logging.
[INFO] [2017-09-15 11:30:42][com.mchange.v2.c3p0.C3P0Registry]Initializing c3p0-0.9.1.2 [built 21-May-2007 15:04:56; debug? true; trace: 10]
[WARN] [2017-09-15 11:30:42][org.springframework.context.support.ClassPathXmlApplicationContext]Exception encountered during context initialization - cancelling refresh attempt: org.springframework.beans.factory.UnsatisfiedDependencyException: Error creating bean with name 'userServiceImpl': Unsatisfied dependency expressed through field 'userdao'; nested exception is org.springframework.beans.factory.BeanCreationException: Error creating bean with name 'userDao' defined in file [E:\files\ts\target\classes\com\gray\user\dao\UserDao.class]: Cannot resolve reference to bean 'sqlSessionFactory' while setting bean property 'sqlSessionFactory'; nested exception is org.springframework.beans.factory.BeanCreationException: Error creating bean with name 'sqlSessionFactory' defined in class path resource [spring-mybatis.xml]: Cannot resolve reference to bean 'dataSource' while setting bean property 'dataSource'; nested exception is org.springframework.beans.factory.BeanCreationException: Error creating bean with name 'dataSource' defined in class path resource [spring-mybatis.xml]: Error setting property values; nested exception is org.springframework.beans.NotWritablePropertyException: Invalid property 'driverClassName' of bean class [com.mchange.v2.c3p0.ComboPooledDataSource]: Bean property 'driverClassName' is not writable or has an invalid setter method. Does the parameter type of the setter match the return type of the getter?
[INFO] [2017-09-15 11:32:04][org.springframework.context.support.ClassPathXmlApplicationContext]Refreshing org.springframework.context.support.ClassPathXmlApplicationContext@7cdbc5d3: startup date [Fri Sep 15 11:32:04 CST 2017]; root of context hierarchy
[INFO] [2017-09-15 11:32:04][org.springframework.beans.factory.xml.XmlBeanDefinitionReader]Loading XML bean definitions from class path resource [spring-mybatis.xml]
[INFO] [2017-09-15 11:32:04][org.springframework.beans.factory.annotation.AutowiredAnnotationBeanPostProcessor]JSR-330 'javax.inject.Inject' annotation found and supported for autowiring
[INFO] [2017-09-15 11:32:21][org.springframework.context.support.ClassPathXmlApplicationContext]Refreshing org.springframework.context.support.ClassPathXmlApplicationContext@33a10788: startup date [Fri Sep 15 11:32:21 CST 2017]; root of context hierarchy
[INFO] [2017-09-15 11:32:21][org.springframework.beans.factory.xml.XmlBeanDefinitionReader]Loading XML bean definitions from class path resource [spring-mybatis.xml]
[INFO] [2017-09-15 11:32:22][org.springframework.beans.factory.annotation.AutowiredAnnotationBeanPostProcessor]JSR-330 'javax.inject.Inject' annotation found and supported for autowiring
